[00:10:18] [ServerMain/INFO]: Environment: Environment[sessionHost=https://sessionserver.mojang.com, servicesHost=https://api.minecraftservices.com, name=PROD]
[00:10:20] [ServerMain/INFO]: Loaded 1290 recipes
[00:10:21] [Server thread/INFO]: Starting minecraft server version 1.21
[00:10:21] [Server thread/INFO]: Loading properties
[00:10:21] [Server thread/INFO]: This server is running CraftBukkit version 4226-Spigot-146439e-2889b3a (MC: 1.21) (Implementing API version 1.21-R0.1-SNAPSHOT)
[00:10:21] [Server thread/INFO]: Server Ping Player Sample Count: 12
[00:10:21] [Server thread/INFO]: Using 4 threads for Netty based IO
[00:10:21] [Server thread/INFO]: Debug logging is disabled
[00:10:21] [Server thread/INFO]: Default game type: SURVIVAL
[00:10:21] [Server thread/INFO]: Generating keypair
[00:10:21] [Server thread/INFO]: Starting Minecraft server on *:25565
[00:10:21] [Server thread/INFO]: Using epoll channel type
[00:10:22] [Server thread/INFO]: [GSit] Loading GSit v2.2.0
[00:10:22] [Server thread/INFO]: [ViaVersion] Loading ViaVersion v5.0.1
[00:10:22] [Server thread/INFO]: [ViaVersion] ViaVersion 5.0.1 is now loaded. Registering protocol transformers and injecting...
[00:10:23] [Via-Mappingloader-0/INFO]: [ViaVersion] Loading block connection mappings ...
[00:10:23] [Via-Mappingloader-0/INFO]: [ViaVersion] Using FastUtil Long2ObjectOpenHashMap for block connections
[00:10:24] [Server thread/INFO]: [ViaBackwards] Loading translations...
[00:10:24] [Server thread/INFO]: [ViaBackwards] Registering protocols...
[00:10:25] [Server thread/INFO]: [playit-gg] Loading playit-gg v0.1.4
[00:10:25] [Server thread/INFO]: [ViaBackwards] Loading ViaBackwards v5.0.1
[00:10:25] [Server thread/INFO]: [Geyser-Spigot] Loading Geyser-Spigot v2.6.0-SNAPSHOT
[00:10:26] [Server thread/INFO]: [Geyser-Spigot] Loading extensions...
[00:10:26] [Server thread/INFO]: [Geyser-Spigot] Loaded 0 extension(s)
[00:10:26] [Server thread/WARN]: **** SERVER IS RUNNING IN OFFLINE/INSECURE MODE!
[00:10:26] [Server thread/WARN]: The server will make no attempt to authenticate usernames. Beware.
[00:10:26] [Server thread/WARN]: While this makes the game possible to play without internet access, it also opens up the ability for hackers to connect with any username they choose.
[00:10:26] [Server thread/WARN]: To change this, set "online-mode" to "true" in the server.properties file.
[00:10:26] [Server thread/INFO]: Preparing level "world"
[00:10:26] [Server thread/INFO]: -------- World Settings For [world] --------
[00:10:26] [Server thread/INFO]: Cactus Growth Modifier: 100%
[00:10:26] [Server thread/INFO]: Cane Growth Modifier: 100%
[00:10:26] [Server thread/INFO]: Melon Growth Modifier: 100%
[00:10:26] [Server thread/INFO]: Mushroom Growth Modifier: 100%
[00:10:26] [Server thread/INFO]: Pumpkin Growth Modifier: 100%
[00:10:26] [Server thread/INFO]: Sapling Growth Modifier: 100%
[00:10:26] [Server thread/INFO]: Beetroot Growth Modifier: 100%
[00:10:26] [Server thread/INFO]: Carrot Growth Modifier: 100%
[00:10:26] [Server thread/INFO]: Potato Growth Modifier: 100%
[00:10:26] [Server thread/INFO]: Wheat Growth Modifier: 100%
[00:10:26] [Server thread/INFO]: NetherWart Growth Modifier: 100%
[00:10:26] [Server thread/INFO]: Vine Growth Modifier: 100%
[00:10:26] [Server thread/INFO]: Cocoa Growth Modifier: 100%
[00:10:26] [Server thread/INFO]: Bamboo Growth Modifier: 100%
[00:10:26] [Server thread/INFO]: SweetBerry Growth Modifier: 100%
[00:10:26] [Server thread/INFO]: Kelp Growth Modifier: 100%
[00:10:26] [Server thread/INFO]: TwistingVines Growth Modifier: 100%
[00:10:26] [Server thread/INFO]: WeepingVines Growth Modifier: 100%
[00:10:26] [Server thread/INFO]: CaveVines Growth Modifier: 100%
[00:10:26] [Server thread/INFO]: Entity Activation Range: An 32 / Mo 32 / Ra 48 / Mi 16 / Tiv true / Isa false
[00:10:26] [Server thread/INFO]: Entity Tracking Range: Pl 48 / An 48 / Mo 48 / Mi 32 / Di 128 / Other 64
[00:10:26] [Server thread/INFO]: Hopper Transfer: 8 Hopper Check: 1 Hopper Amount: 1 Hopper Can Load Chunks: false
[00:10:26] [Server thread/INFO]: Experience Merge Radius: 3.0
[00:10:26] [Server thread/INFO]: Mob Spawn Range: 6
[00:10:26] [Server thread/INFO]: Custom Map Seeds:  Village: 10387312 Desert: 14357617 Igloo: 14357618 Jungle: 14357619 Swamp: 14357620 Monument: 10387313 Ocean: 14357621 Shipwreck: 165745295 End City: 10387313 Slime: 987234911 Nether: 30084232 Mansion: 10387319 Fossil: 14357921 Portal: 34222645
[00:10:26] [Server thread/INFO]: Max TNT Explosions: 100
[00:10:26] [Server thread/INFO]: Tile Max Tick Time: 50ms Entity max Tick Time: 50ms
[00:10:26] [Server thread/INFO]: View Distance: 32
[00:10:26] [Server thread/INFO]: Simulation Distance: 32
[00:10:26] [Server thread/INFO]: Item Despawn Rate: 6000
[00:10:26] [Server thread/INFO]: Item Merge Radius: 2.5
[00:10:26] [Server thread/INFO]: Allow Zombie Pigmen to spawn from portal blocks: true
[00:10:26] [Server thread/INFO]: Arrow Despawn Rate: 1200 Trident Respawn Rate:1200
[00:10:26] [Server thread/INFO]: Zombie Aggressive Towards Villager: true
[00:10:26] [Server thread/INFO]: Nerfing mobs spawned from spawners: false
[00:10:26] [Server thread/INFO]: -------- World Settings For [world_nether] --------
[00:10:26] [Server thread/INFO]: Cactus Growth Modifier: 100%
[00:10:26] [Server thread/INFO]: Cane Growth Modifier: 100%
[00:10:26] [Server thread/INFO]: Melon Growth Modifier: 100%
[00:10:26] [Server thread/INFO]: Mushroom Growth Modifier: 100%
[00:10:26] [Server thread/INFO]: Pumpkin Growth Modifier: 100%
[00:10:26] [Server thread/INFO]: Sapling Growth Modifier: 100%
[00:10:26] [Server thread/INFO]: Beetroot Growth Modifier: 100%
[00:10:26] [Server thread/INFO]: Carrot Growth Modifier: 100%
[00:10:26] [Server thread/INFO]: Potato Growth Modifier: 100%
[00:10:26] [Server thread/INFO]: Wheat Growth Modifier: 100%
[00:10:26] [Server thread/INFO]: NetherWart Growth Modifier: 100%
[00:10:26] [Server thread/INFO]: Vine Growth Modifier: 100%
[00:10:26] [Server thread/INFO]: Cocoa Growth Modifier: 100%
[00:10:26] [Server thread/INFO]: Bamboo Growth Modifier: 100%
[00:10:26] [Server thread/INFO]: SweetBerry Growth Modifier: 100%
[00:10:26] [Server thread/INFO]: Kelp Growth Modifier: 100%
[00:10:26] [Server thread/INFO]: TwistingVines Growth Modifier: 100%
[00:10:26] [Server thread/INFO]: WeepingVines Growth Modifier: 100%
[00:10:26] [Server thread/INFO]: CaveVines Growth Modifier: 100%
[00:10:26] [Server thread/INFO]: Entity Activation Range: An 32 / Mo 32 / Ra 48 / Mi 16 / Tiv true / Isa false
[00:10:26] [Server thread/INFO]: Entity Tracking Range: Pl 48 / An 48 / Mo 48 / Mi 32 / Di 128 / Other 64
[00:10:26] [Server thread/INFO]: Hopper Transfer: 8 Hopper Check: 1 Hopper Amount: 1 Hopper Can Load Chunks: false
[00:10:26] [Server thread/INFO]: Experience Merge Radius: 3.0
[00:10:26] [Server thread/INFO]: Mob Spawn Range: 6
[00:10:26] [Server thread/INFO]: Custom Map Seeds:  Village: 10387312 Desert: 14357617 Igloo: 14357618 Jungle: 14357619 Swamp: 14357620 Monument: 10387313 Ocean: 14357621 Shipwreck: 165745295 End City: 10387313 Slime: 987234911 Nether: 30084232 Mansion: 10387319 Fossil: 14357921 Portal: 34222645
[00:10:26] [Server thread/INFO]: Max TNT Explosions: 100
[00:10:26] [Server thread/INFO]: Tile Max Tick Time: 50ms Entity max Tick Time: 50ms
[00:10:26] [Server thread/INFO]: View Distance: 32
[00:10:26] [Server thread/INFO]: Simulation Distance: 32
[00:10:26] [Server thread/INFO]: Item Despawn Rate: 6000
[00:10:26] [Server thread/INFO]: Item Merge Radius: 2.5
[00:10:26] [Server thread/INFO]: Allow Zombie Pigmen to spawn from portal blocks: true
[00:10:26] [Server thread/INFO]: Arrow Despawn Rate: 1200 Trident Respawn Rate:1200
[00:10:26] [Server thread/INFO]: Zombie Aggressive Towards Villager: true
[00:10:26] [Server thread/INFO]: Nerfing mobs spawned from spawners: false
[00:10:29] [Server thread/INFO]: -------- World Settings For [world_the_end] --------
[00:10:29] [Server thread/INFO]: Cactus Growth Modifier: 100%
[00:10:29] [Server thread/INFO]: Cane Growth Modifier: 100%
[00:10:29] [Server thread/INFO]: Melon Growth Modifier: 100%
[00:10:29] [Server thread/INFO]: Mushroom Growth Modifier: 100%
[00:10:29] [Server thread/INFO]: Pumpkin Growth Modifier: 100%
[00:10:29] [Server thread/INFO]: Sapling Growth Modifier: 100%
[00:10:29] [Server thread/INFO]: Beetroot Growth Modifier: 100%
[00:10:29] [Server thread/INFO]: Carrot Growth Modifier: 100%
[00:10:29] [Server thread/INFO]: Potato Growth Modifier: 100%
[00:10:29] [Server thread/INFO]: Wheat Growth Modifier: 100%
[00:10:29] [Server thread/INFO]: NetherWart Growth Modifier: 100%
[00:10:29] [Server thread/INFO]: Vine Growth Modifier: 100%
[00:10:29] [Server thread/INFO]: Cocoa Growth Modifier: 100%
[00:10:29] [Server thread/INFO]: Bamboo Growth Modifier: 100%
[00:10:29] [Server thread/INFO]: SweetBerry Growth Modifier: 100%
[00:10:29] [Server thread/INFO]: Kelp Growth Modifier: 100%
[00:10:29] [Server thread/INFO]: TwistingVines Growth Modifier: 100%
[00:10:29] [Server thread/INFO]: WeepingVines Growth Modifier: 100%
[00:10:29] [Server thread/INFO]: CaveVines Growth Modifier: 100%
[00:10:29] [Server thread/INFO]: Entity Activation Range: An 32 / Mo 32 / Ra 48 / Mi 16 / Tiv true / Isa false
[00:10:29] [Server thread/INFO]: Entity Tracking Range: Pl 48 / An 48 / Mo 48 / Mi 32 / Di 128 / Other 64
[00:10:29] [Server thread/INFO]: Hopper Transfer: 8 Hopper Check: 1 Hopper Amount: 1 Hopper Can Load Chunks: false
[00:10:29] [Server thread/INFO]: Experience Merge Radius: 3.0
[00:10:29] [Server thread/INFO]: Mob Spawn Range: 6
[00:10:29] [Server thread/INFO]: Custom Map Seeds:  Village: 10387312 Desert: 14357617 Igloo: 14357618 Jungle: 14357619 Swamp: 14357620 Monument: 10387313 Ocean: 14357621 Shipwreck: 165745295 End City: 10387313 Slime: 987234911 Nether: 30084232 Mansion: 10387319 Fossil: 14357921 Portal: 34222645
[00:10:29] [Server thread/INFO]: Max TNT Explosions: 100
[00:10:29] [Server thread/INFO]: Tile Max Tick Time: 50ms Entity max Tick Time: 50ms
[00:10:29] [Server thread/INFO]: View Distance: 32
[00:10:29] [Server thread/INFO]: Simulation Distance: 32
[00:10:29] [Server thread/INFO]: Item Despawn Rate: 6000
[00:10:29] [Server thread/INFO]: Item Merge Radius: 2.5
[00:10:29] [Server thread/INFO]: Allow Zombie Pigmen to spawn from portal blocks: true
[00:10:29] [Server thread/INFO]: Arrow Despawn Rate: 1200 Trident Respawn Rate:1200
[00:10:29] [Server thread/INFO]: Zombie Aggressive Towards Villager: true
[00:10:29] [Server thread/INFO]: Nerfing mobs spawned from spawners: false
[00:10:29] [Server thread/INFO]: Preparing start region for dimension minecraft:overworld
[00:10:29] [Worker-Main-3/INFO]: Preparing spawn area: 0%
[00:10:29] [Server thread/INFO]: Time elapsed: 579 ms
[00:10:29] [Server thread/INFO]: Preparing start region for dimension minecraft:the_nether
[00:10:29] [Worker-Main-2/INFO]: Preparing spawn area: 0%
[00:10:29] [Server thread/INFO]: Time elapsed: 181 ms
[00:10:29] [Server thread/INFO]: Preparing start region for dimension minecraft:the_end
[00:10:29] [Worker-Main-3/INFO]: Preparing spawn area: 0%
[00:10:30] [Worker-Main-2/INFO]: Preparing spawn area: 51%
[00:10:30] [Worker-Main-2/INFO]: Preparing spawn area: 51%
[00:10:30] [Server thread/INFO]: Time elapsed: 1035 ms
[00:10:30] [Server thread/INFO]: [GSit] Enabling GSit v2.2.0
[00:10:31] [Server thread/INFO]: [GSit] The plugin was successfully enabled.
[00:10:31] [Server thread/INFO]: [ViaVersion] Enabling ViaVersion v5.0.1
[00:10:31] [Server thread/INFO]: [ViaVersion] ViaVersion detected server version: 1.21 (767)
[00:10:31] [Server thread/INFO]: [playit-gg] Enabling playit-gg v0.1.4
[00:10:32] [Server thread/INFO]: [ViaBackwards] Enabling ViaBackwards v5.0.1
[00:10:32] [Thread-7/INFO]: secret key found, checking
[00:10:32] [Thread-7/INFO]: check secret
[00:10:32] [Server thread/INFO]: [Geyser-Spigot] Enabling Geyser-Spigot v2.6.0-SNAPSHOT
[00:10:32] [Server thread/INFO]: Server permissions file permissions.yml is empty, ignoring it
[00:10:32] [Server thread/INFO]: [Geyser-Spigot] ******************************************
[00:10:32] [Server thread/INFO]: [Geyser-Spigot] 
[00:10:32] [Server thread/INFO]: [Geyser-Spigot] Loading Geyser version 2.6.0-b753 (git-master-da6e2f6)
[00:10:32] [Server thread/INFO]: [Geyser-Spigot] 
[00:10:32] [Server thread/INFO]: [Geyser-Spigot] ******************************************
[00:10:34] [Thread-7/INFO]: found minecraft java tunnel: listed-aqua.joinmc.link
[00:10:34] [Thread-7/INFO]: keys and tunnel setup
[00:10:34] [Thread-7/INFO]: playit.gg: tunnel setup
[00:10:34] [Thread-7/INFO]: playit.gg: listed-aqua.joinmc.link
[00:10:34] [Thread-7/WARN]: Got IO error working with :control.playit.gg/2602:fbaf:840:0:0:0:0:1, error : java.net.SocketException: Network is unreachable
[00:10:35] [Thread-7/INFO]: request queued, waiting 1 second before resend
[00:10:37] [epollEventLoopGroup-4-1/INFO]: [Geyser-Spigot] Started Geyser on UDP port 19132
[00:10:37] [Server thread/INFO]: [Geyser-Spigot] Done (5.37s)! Run /geyser help for help!
[00:10:37] [ForkJoinPool.commonPool-worker-1/INFO]: [Geyser-Spigot] §aThere's a new Geyser update available to support Bedrock version 1.21.60. Download it here: §9§nhttps://geysermc.org/download
[00:10:37] [Server thread/INFO]: Done (11.390s)! For help, type "help"
[00:10:37] [Server thread/WARN]: [Geyser-Spigot] You are using an outdated version of ViaVersion; please download the newest version from https://ci.viaversion.com/job/ViaVersion/
[00:10:37] [Craft Scheduler Thread - 2/INFO]: [ViaVersion] Finished mapping loading, shutting down loader executor!
[00:10:38] [Server thread/WARN]: [ViaVersion] There is a newer plugin version available: 5.2.1, you're on: 5.0.1
[00:14:36] [Thread-7/INFO]: send keep alive
[00:15:31] [Thread-7/INFO]: got new client: NewClient{connectAddr=147.185.221.194:40935, peerAddr=115.187.51.194:59010, claimAddress=209.25.143.2:43784, claimToken=[44, 0, 60, -109, -71, -35, -62, -97, -25, 115, -69, 51, -62, -26, -126, 35, 29, -67, 113, -85, 8, 103, -66, 93, 35, 0, 0, 0, 0, 0, 15, -79, 67, 0, 0, 0, 0, 0, 61, -14, 82, 5, 113, -85, 8, 0, 0, 0, 0, 28, 0, 0, 0, 0, 0, 0, 0, 1, 0, 1, -124, 91, -92, -118, 19, 7, -12, 7, -64, -66, 58, -14, -23, 48, -79, 10], tunnelServerId=1, dataCenterId=28}
[00:15:31] [Thread-7/INFO]: starting tcp tunnel for client
[00:15:31] [Thread-7/INFO]: start connection to /209.25.143.2:43784 to claim client
[00:15:31] [nioEventLoopGroup-2-1/INFO]: connected to tunnel server, sending claim token
[00:15:31] [nioEventLoopGroup-2-1/INFO]: claim token sent
[00:15:31] [nioEventLoopGroup-2-1/INFO]: connection to tunnel server has been established
[00:15:31] [nioEventLoopGroup-2-1/INFO]: Reflect: ReflectionHelper{ServerConnection=class net.minecraft.server.network.ServerConnection, LegacyPingHandler=class net.minecraft.server.network.LegacyPingHandler, MinecraftServer=class net.minecraft.server.MinecraftServer, PacketSplitter=class net.minecraft.network.PacketSplitter, PacketDecoder=class net.minecraft.network.PacketDecoder, EnumProtocolDirection=class net.minecraft.network.protocol.EnumProtocolDirection, PacketPrepender=class net.minecraft.network.PacketPrepender, PacketEncoder=class net.minecraft.network.PacketEncoder, NetworkManagerServer=class net.minecraft.network.NetworkManagerServer, NetworkManager=class net.minecraft.network.NetworkManager, HandshakeListener=class net.minecraft.server.network.HandshakeListener, PacketListener=interface net.minecraft.network.PacketListener, CraftServer=null}
[00:15:31] [nioEventLoopGroup-2-1/INFO]: failed to get Minecraft server from Bukkit.getServer()
[00:15:31] [nioEventLoopGroup-2-1/INFO]: connecting to minecraft server at localhost/127.0.0.1:25565
[00:15:31] [nioEventLoopGroup-2-2/INFO]: connected to local minecraft server
[00:15:31] [User Authenticator #1/INFO]: UUID of player Almighty is 14b18ffa-10d6-31c1-8822-78fc9308c240
[00:15:32] [Server thread/INFO]: Almighty joined the game
[00:15:32] [Server thread/INFO]: Almighty[/127.0.0.1:52160] logged in with entity id 43 at ([world]722.137615718561, 66.875, -119.65029461319865)
[00:18:37] [Thread-7/INFO]: send keep alive
[00:22:38] [Thread-7/INFO]: send keep alive
[00:26:38] [Thread-7/INFO]: send keep alive
[00:30:38] [Thread-7/INFO]: send keep alive
[00:34:39] [Thread-7/INFO]: send keep alive
[00:38:39] [Thread-7/INFO]: send keep alive
[00:42:39] [Thread-7/INFO]: send keep alive
[00:46:40] [Thread-7/INFO]: send keep alive
[00:48:32] [Thread-7/INFO]: got new client: NewClient{connectAddr=147.185.221.194:40935, peerAddr=216.128.138.102:42354, claimAddress=209.25.143.2:43786, claimToken=[44, 0, 60, -109, -71, -35, -62, -97, -25, -40, -128, -118, 102, -91, 114, 8, 106, 40, 8, -85, 10, 103, -66, 100, -32, 0, 0, 0, 0, 0, 15, -79, 67, 0, 0, 0, 0, 0, 61, -14, 82, 80, 8, -85, 10, 0, 0, 0, 0, 44, 0, 0, 0, 0, 0, 0, 0, 1, 0, 2, 123, -9, -84, -81, 86, -41, 40, 30, 101, 66, 123, -80, 53, 60, 109, 95], tunnelServerId=1, dataCenterId=44}
[00:48:32] [Thread-7/INFO]: starting tcp tunnel for client
[00:48:32] [Thread-7/INFO]: start connection to /209.25.143.2:43786 to claim client
[00:48:32] [nioEventLoopGroup-2-3/INFO]: connected to tunnel server, sending claim token
[00:48:32] [nioEventLoopGroup-2-3/INFO]: claim token sent
[00:48:32] [nioEventLoopGroup-2-3/INFO]: connection to tunnel server has been established
[00:48:32] [nioEventLoopGroup-2-3/INFO]: Reflect: ReflectionHelper{ServerConnection=class net.minecraft.server.network.ServerConnection, LegacyPingHandler=class net.minecraft.server.network.LegacyPingHandler, MinecraftServer=class net.minecraft.server.MinecraftServer, PacketSplitter=class net.minecraft.network.PacketSplitter, PacketDecoder=class net.minecraft.network.PacketDecoder, EnumProtocolDirection=class net.minecraft.network.protocol.EnumProtocolDirection, PacketPrepender=class net.minecraft.network.PacketPrepender, PacketEncoder=class net.minecraft.network.PacketEncoder, NetworkManagerServer=class net.minecraft.network.NetworkManagerServer, NetworkManager=class net.minecraft.network.NetworkManager, HandshakeListener=class net.minecraft.server.network.HandshakeListener, PacketListener=interface net.minecraft.network.PacketListener, CraftServer=null}
[00:48:32] [nioEventLoopGroup-2-3/INFO]: failed to get Minecraft server from Bukkit.getServer()
[00:48:32] [nioEventLoopGroup-2-3/INFO]: connecting to minecraft server at localhost/127.0.0.1:25565
[00:48:32] [nioEventLoopGroup-2-4/INFO]: connected to local minecraft server
[00:48:36] [Thread-7/INFO]: got new client: NewClient{connectAddr=147.185.221.194:40935, peerAddr=216.128.138.102:50846, claimAddress=209.25.143.2:43786, claimToken=[44, 0, 60, -109, -71, -35, -62, -97, -25, -40, -128, -118, 102, -58, -98, -49, 63, -30, -99, -85, 10, 103, -66, 100, -28, 0, 0, 0, 0, 0, 15, -79, 67, 0, 0, 0, 0, 0, 61, -14, 82, -70, -99, -85, 10, 0, 0, 0, 0, 44, 0, 0, 0, 0, 0, 0, 0, 1, 0, 4, -7, -115, 98, 9, -94, -67, 28, 78, 16, 109, 103, 52, 106, -68, -82, 51], tunnelServerId=1, dataCenterId=44}
[00:48:36] [Thread-7/INFO]: starting tcp tunnel for client
[00:48:36] [Thread-7/INFO]: start connection to /209.25.143.2:43786 to claim client
[00:48:36] [nioEventLoopGroup-2-1/INFO]: connected to tunnel server, sending claim token
[00:48:36] [nioEventLoopGroup-2-1/INFO]: claim token sent
[00:48:36] [nioEventLoopGroup-2-1/INFO]: connection to tunnel server has been established
[00:48:36] [nioEventLoopGroup-2-1/INFO]: Reflect: ReflectionHelper{ServerConnection=class net.minecraft.server.network.ServerConnection, LegacyPingHandler=class net.minecraft.server.network.LegacyPingHandler, MinecraftServer=class net.minecraft.server.MinecraftServer, PacketSplitter=class net.minecraft.network.PacketSplitter, PacketDecoder=class net.minecraft.network.PacketDecoder, EnumProtocolDirection=class net.minecraft.network.protocol.EnumProtocolDirection, PacketPrepender=class net.minecraft.network.PacketPrepender, PacketEncoder=class net.minecraft.network.PacketEncoder, NetworkManagerServer=class net.minecraft.network.NetworkManagerServer, NetworkManager=class net.minecraft.network.NetworkManager, HandshakeListener=class net.minecraft.server.network.HandshakeListener, PacketListener=interface net.minecraft.network.PacketListener, CraftServer=null}
[00:48:36] [nioEventLoopGroup-2-1/INFO]: failed to get Minecraft server from Bukkit.getServer()
[00:48:36] [nioEventLoopGroup-2-1/INFO]: connecting to minecraft server at localhost/127.0.0.1:25565
[00:48:36] [nioEventLoopGroup-2-2/INFO]: connected to local minecraft server
[00:48:37] [Thread-7/INFO]: got new client: NewClient{connectAddr=147.185.221.194:40935, peerAddr=216.128.138.102:50862, claimAddress=209.25.143.2:43786, claimToken=[44, 0, 60, -109, -71, -35, -62, -97, -25, -40, -128, -118, 102, -58, -82, -106, -83, 79, -107, -85, 10, 103, -66, 100, -27, 0, 0, 0, 0, 0, 15, -79, 67, 0, 0, 0, 0, 0, 61, -14, 82, -97, -107, -85, 10, 0, 0, 0, 0, 44, 0, 0, 0, 0, 0, 0, 0, 1, 0, 1, -34, 120, -104, -47, 68, 81, -66, 39, -113, 73, 17, -11, -6, -8, 101, -67], tunnelServerId=1, dataCenterId=44}
[00:48:37] [Thread-7/INFO]: starting tcp tunnel for client
[00:48:37] [Thread-7/INFO]: start connection to /209.25.143.2:43786 to claim client
[00:48:37] [nioEventLoopGroup-2-3/INFO]: connected to tunnel server, sending claim token
[00:48:37] [nioEventLoopGroup-2-3/INFO]: claim token sent
[00:48:37] [nioEventLoopGroup-2-3/INFO]: connection to tunnel server has been established
[00:48:37] [nioEventLoopGroup-2-3/INFO]: Reflect: ReflectionHelper{ServerConnection=class net.minecraft.server.network.ServerConnection, LegacyPingHandler=class net.minecraft.server.network.LegacyPingHandler, MinecraftServer=class net.minecraft.server.MinecraftServer, PacketSplitter=class net.minecraft.network.PacketSplitter, PacketDecoder=class net.minecraft.network.PacketDecoder, EnumProtocolDirection=class net.minecraft.network.protocol.EnumProtocolDirection, PacketPrepender=class net.minecraft.network.PacketPrepender, PacketEncoder=class net.minecraft.network.PacketEncoder, NetworkManagerServer=class net.minecraft.network.NetworkManagerServer, NetworkManager=class net.minecraft.network.NetworkManager, HandshakeListener=class net.minecraft.server.network.HandshakeListener, PacketListener=interface net.minecraft.network.PacketListener, CraftServer=null}
[00:48:37] [nioEventLoopGroup-2-3/INFO]: failed to get Minecraft server from Bukkit.getServer()
[00:48:37] [nioEventLoopGroup-2-3/INFO]: connecting to minecraft server at localhost/127.0.0.1:25565
[00:48:37] [nioEventLoopGroup-2-4/INFO]: connected to local minecraft server
[00:48:37] [Thread-7/INFO]: got new client: NewClient{connectAddr=147.185.221.194:40935, peerAddr=216.128.138.102:50866, claimAddress=209.25.143.2:43786, claimToken=[44, 0, 60, -109, -71, -35, -62, -97, -25, -40, -128, -118, 102, -58, -78, 75, 127, -43, 20, -85, 10, 103, -66, 100, -27, 0, 0, 0, 0, 0, 15, -79, 67, 0, 0, 0, 0, 0, 61, -14, 82, 117, 20, -85, 10, 0, 0, 0, 0, 44, 0, 0, 0, 0, 0, 0, 0, 1, 0, 3, 36, -15, -81, -56, 7, -51, -106, 112, -103, -68, -28, 90, 94, -71, 127, -64], tunnelServerId=1, dataCenterId=44}
[00:48:37] [Thread-7/INFO]: starting tcp tunnel for client
[00:48:37] [Thread-7/INFO]: start connection to /209.25.143.2:43786 to claim client
[00:48:37] [nioEventLoopGroup-2-1/INFO]: connected to tunnel server, sending claim token
[00:48:37] [nioEventLoopGroup-2-1/INFO]: claim token sent
[00:48:37] [nioEventLoopGroup-2-1/INFO]: connection to tunnel server has been established
[00:48:37] [nioEventLoopGroup-2-1/INFO]: Reflect: ReflectionHelper{ServerConnection=class net.minecraft.server.network.ServerConnection, LegacyPingHandler=class net.minecraft.server.network.LegacyPingHandler, MinecraftServer=class net.minecraft.server.MinecraftServer, PacketSplitter=class net.minecraft.network.PacketSplitter, PacketDecoder=class net.minecraft.network.PacketDecoder, EnumProtocolDirection=class net.minecraft.network.protocol.EnumProtocolDirection, PacketPrepender=class net.minecraft.network.PacketPrepender, PacketEncoder=class net.minecraft.network.PacketEncoder, NetworkManagerServer=class net.minecraft.network.NetworkManagerServer, NetworkManager=class net.minecraft.network.NetworkManager, HandshakeListener=class net.minecraft.server.network.HandshakeListener, PacketListener=interface net.minecraft.network.PacketListener, CraftServer=null}
[00:48:37] [nioEventLoopGroup-2-1/INFO]: failed to get Minecraft server from Bukkit.getServer()
[00:48:37] [nioEventLoopGroup-2-1/INFO]: connecting to minecraft server at localhost/127.0.0.1:25565
[00:48:37] [nioEventLoopGroup-2-2/INFO]: connected to local minecraft server
[00:48:38] [Thread-7/INFO]: got new client: NewClient{connectAddr=[2602:fbaf:080c:0001:0000:0000:0000:00c2]:40935, peerAddr=[2001:19f0:6402:08f2:5400:05ff:fe0c:67c3]:43336, claimAddress=209.25.143.2:43786, claimToken=[64, 0, 88, 38, 2, -5, -81, 8, 12, 0, 1, 0, 0, 0, 0, 0, 0, 0, -62, -97, -25, 32, 1, 25, -16, 100, 2, 8, -14, 84, 0, 5, -1, -2, 12, 103, -61, -87, 72, 0, 0, 0, 0, 117, 60, -74, -19, -85, 10, 103, -66, 100, -26, 0, 0, 0, 0, 0, 15, -79, 67, 0, 0, 0, 0, 0, 61, -14, 82, -66, -19, -85, 10, 0, 0, 0, 0, 44, 0, 0, 0, 0, 0, 0, 0, 1, 0, 3, -66, 107, 57, -33, 81, 127, -105, 53, -50, -110, 4, -23, 22, 48, -87, -56], tunnelServerId=1, dataCenterId=44}
[00:48:38] [Thread-7/INFO]: starting tcp tunnel for client
[00:48:38] [Thread-7/INFO]: start connection to /209.25.143.2:43786 to claim client
[00:48:38] [nioEventLoopGroup-2-3/INFO]: connected to tunnel server, sending claim token
[00:48:38] [nioEventLoopGroup-2-3/INFO]: claim token sent
[00:48:38] [nioEventLoopGroup-2-3/INFO]: connection to tunnel server has been established
[00:48:38] [nioEventLoopGroup-2-3/INFO]: Reflect: ReflectionHelper{ServerConnection=class net.minecraft.server.network.ServerConnection, LegacyPingHandler=class net.minecraft.server.network.LegacyPingHandler, MinecraftServer=class net.minecraft.server.MinecraftServer, PacketSplitter=class net.minecraft.network.PacketSplitter, PacketDecoder=class net.minecraft.network.PacketDecoder, EnumProtocolDirection=class net.minecraft.network.protocol.EnumProtocolDirection, PacketPrepender=class net.minecraft.network.PacketPrepender, PacketEncoder=class net.minecraft.network.PacketEncoder, NetworkManagerServer=class net.minecraft.network.NetworkManagerServer, NetworkManager=class net.minecraft.network.NetworkManager, HandshakeListener=class net.minecraft.server.network.HandshakeListener, PacketListener=interface net.minecraft.network.PacketListener, CraftServer=null}
[00:48:38] [nioEventLoopGroup-2-3/INFO]: failed to get Minecraft server from Bukkit.getServer()
[00:48:38] [nioEventLoopGroup-2-3/INFO]: connecting to minecraft server at localhost/127.0.0.1:25565
[00:48:38] [nioEventLoopGroup-2-4/INFO]: connected to local minecraft server
[00:48:38] [Thread-7/INFO]: got new client: NewClient{connectAddr=147.185.221.194:40935, peerAddr=216.128.138.102:50870, claimAddress=209.25.143.2:43786, claimToken=[44, 0, 60, -109, -71, -35, -62, -97, -25, -40, -128, -118, 102, -58, -74, 70, -23, -38, 112, -85, 10, 103, -66, 100, -26, 0, 0, 0, 0, 0, 15, -79, 67, 0, 0, 0, 0, 0, 61, -14, 82, 103, 112, -85, 10, 0, 0, 0, 0, 44, 0, 0, 0, 0, 0, 0, 0, 1, 0, 3, -117, -45, 57, -6, 116, 123, -37, -6, 108, 126, -36, -128, 76, 22, 115, -53], tunnelServerId=1, dataCenterId=44}
[00:48:38] [Thread-7/INFO]: starting tcp tunnel for client
[00:48:38] [Thread-7/INFO]: start connection to /209.25.143.2:43786 to claim client
[00:48:38] [nioEventLoopGroup-2-1/INFO]: connected to tunnel server, sending claim token
[00:48:38] [nioEventLoopGroup-2-1/INFO]: claim token sent
[00:48:38] [nioEventLoopGroup-2-1/INFO]: connection to tunnel server has been established
[00:48:38] [nioEventLoopGroup-2-1/INFO]: Reflect: ReflectionHelper{ServerConnection=class net.minecraft.server.network.ServerConnection, LegacyPingHandler=class net.minecraft.server.network.LegacyPingHandler, MinecraftServer=class net.minecraft.server.MinecraftServer, PacketSplitter=class net.minecraft.network.PacketSplitter, PacketDecoder=class net.minecraft.network.PacketDecoder, EnumProtocolDirection=class net.minecraft.network.protocol.EnumProtocolDirection, PacketPrepender=class net.minecraft.network.PacketPrepender, PacketEncoder=class net.minecraft.network.PacketEncoder, NetworkManagerServer=class net.minecraft.network.NetworkManagerServer, NetworkManager=class net.minecraft.network.NetworkManager, HandshakeListener=class net.minecraft.server.network.HandshakeListener, PacketListener=interface net.minecraft.network.PacketListener, CraftServer=null}
[00:48:38] [nioEventLoopGroup-2-1/INFO]: failed to get Minecraft server from Bukkit.getServer()
[00:48:38] [nioEventLoopGroup-2-1/INFO]: connecting to minecraft server at localhost/127.0.0.1:25565
[00:48:38] [nioEventLoopGroup-2-2/INFO]: connected to local minecraft server
[00:48:45] [Thread-7/INFO]: got new client: NewClient{connectAddr=147.185.221.194:40935, peerAddr=216.128.138.102:47888, claimAddress=209.25.143.2:43786, claimToken=[44, 0, 60, -109, -71, -35, -62, -97, -25, -40, -128, -118, 102, -69, 16, -103, 84, -72, -68, -85, 10, 103, -66, 100, -19, 0, 0, 0, 0, 0, 15, -79, 67, 0, 0, 0, 0, 0, 61, -14, 82, 21, -68, -85, 10, 0, 0, 0, 0, 44, 0, 0, 0, 0, 0, 0, 0, 1, 0, 3, -30, -102, 113, -69, 75, 4, 45, -96, -32, -97, 6, -77, -80, -62, -71, 74], tunnelServerId=1, dataCenterId=44}
[00:48:45] [Thread-7/INFO]: starting tcp tunnel for client
[00:48:45] [Thread-7/INFO]: start connection to /209.25.143.2:43786 to claim client
[00:48:45] [nioEventLoopGroup-2-3/INFO]: connected to tunnel server, sending claim token
[00:48:45] [nioEventLoopGroup-2-3/INFO]: claim token sent
[00:48:45] [nioEventLoopGroup-2-3/INFO]: connection to tunnel server has been established
[00:48:45] [nioEventLoopGroup-2-3/INFO]: Reflect: ReflectionHelper{ServerConnection=class net.minecraft.server.network.ServerConnection, LegacyPingHandler=class net.minecraft.server.network.LegacyPingHandler, MinecraftServer=class net.minecraft.server.MinecraftServer, PacketSplitter=class net.minecraft.network.PacketSplitter, PacketDecoder=class net.minecraft.network.PacketDecoder, EnumProtocolDirection=class net.minecraft.network.protocol.EnumProtocolDirection, PacketPrepender=class net.minecraft.network.PacketPrepender, PacketEncoder=class net.minecraft.network.PacketEncoder, NetworkManagerServer=class net.minecraft.network.NetworkManagerServer, NetworkManager=class net.minecraft.network.NetworkManager, HandshakeListener=class net.minecraft.server.network.HandshakeListener, PacketListener=interface net.minecraft.network.PacketListener, CraftServer=null}
[00:48:45] [nioEventLoopGroup-2-3/INFO]: failed to get Minecraft server from Bukkit.getServer()
[00:48:45] [nioEventLoopGroup-2-3/INFO]: connecting to minecraft server at localhost/127.0.0.1:25565
[00:48:45] [nioEventLoopGroup-2-4/INFO]: connected to local minecraft server
[00:48:48] [Thread-7/INFO]: got new client: NewClient{connectAddr=147.185.221.194:40935, peerAddr=216.128.138.102:47894, claimAddress=209.25.143.2:43786, claimToken=[44, 0, 60, -109, -71, -35, -62, -97, -25, -40, -128, -118, 102, -69, 22, -90, -16, 97, -125, -85, 10, 103, -66, 100, -16, 0, 0, 0, 0, 0, 15, -79, 67, 0, 0, 0, 0, 0, 61, -14, 82, 121, -125, -85, 10, 0, 0, 0, 0, 44, 0, 0, 0, 0, 0, 0, 0, 1, 0, 3, 123, -88, 13, -85, 60, -70, 76, 20, -94, -7, 111, -123, -91, -122, -5, 84], tunnelServerId=1, dataCenterId=44}
[00:48:48] [Thread-7/INFO]: starting tcp tunnel for client
[00:48:48] [Thread-7/INFO]: start connection to /209.25.143.2:43786 to claim client
[00:48:48] [nioEventLoopGroup-2-1/INFO]: connected to tunnel server, sending claim token
[00:48:48] [nioEventLoopGroup-2-1/INFO]: claim token sent
[00:48:48] [nioEventLoopGroup-2-1/INFO]: connection to tunnel server has been established
[00:48:48] [nioEventLoopGroup-2-1/INFO]: Reflect: ReflectionHelper{ServerConnection=class net.minecraft.server.network.ServerConnection, LegacyPingHandler=class net.minecraft.server.network.LegacyPingHandler, MinecraftServer=class net.minecraft.server.MinecraftServer, PacketSplitter=class net.minecraft.network.PacketSplitter, PacketDecoder=class net.minecraft.network.PacketDecoder, EnumProtocolDirection=class net.minecraft.network.protocol.EnumProtocolDirection, PacketPrepender=class net.minecraft.network.PacketPrepender, PacketEncoder=class net.minecraft.network.PacketEncoder, NetworkManagerServer=class net.minecraft.network.NetworkManagerServer, NetworkManager=class net.minecraft.network.NetworkManager, HandshakeListener=class net.minecraft.server.network.HandshakeListener, PacketListener=interface net.minecraft.network.PacketListener, CraftServer=null}
[00:48:48] [nioEventLoopGroup-2-1/INFO]: failed to get Minecraft server from Bukkit.getServer()
[00:48:48] [nioEventLoopGroup-2-1/INFO]: connecting to minecraft server at localhost/127.0.0.1:25565
[00:48:48] [nioEventLoopGroup-2-2/INFO]: connected to local minecraft server
[00:48:52] [Thread-7/INFO]: got new client: NewClient{connectAddr=147.185.221.194:40935, peerAddr=216.128.138.102:47906, claimAddress=209.25.143.2:43786, claimToken=[44, 0, 60, -109, -71, -35, -62, -97, -25, -40, -128, -118, 102, -69, 34, 125, -102, -121, -101, -85, 10, 103, -66, 100, -12, 0, 0, 0, 0, 0, 15, -79, 67, 0, 0, 0, 0, 0, 61, -14, 82, -50, -101, -85, 10, 0, 0, 0, 0, 44, 0, 0, 0, 0, 0, 0, 0, 1, 0, 1, 80, -68, -96, 122, 94, 116, -28, 112, -75, 104, 106, 121, 21, 42, -63, 2], tunnelServerId=1, dataCenterId=44}
[00:48:52] [Thread-7/INFO]: starting tcp tunnel for client
[00:48:52] [Thread-7/INFO]: start connection to /209.25.143.2:43786 to claim client
[00:48:52] [nioEventLoopGroup-2-3/INFO]: connected to tunnel server, sending claim token
[00:48:52] [nioEventLoopGroup-2-3/INFO]: claim token sent
[00:48:52] [nioEventLoopGroup-2-3/INFO]: connection to tunnel server has been established
[00:48:52] [nioEventLoopGroup-2-3/INFO]: Reflect: ReflectionHelper{ServerConnection=class net.minecraft.server.network.ServerConnection, LegacyPingHandler=class net.minecraft.server.network.LegacyPingHandler, MinecraftServer=class net.minecraft.server.MinecraftServer, PacketSplitter=class net.minecraft.network.PacketSplitter, PacketDecoder=class net.minecraft.network.PacketDecoder, EnumProtocolDirection=class net.minecraft.network.protocol.EnumProtocolDirection, PacketPrepender=class net.minecraft.network.PacketPrepender, PacketEncoder=class net.minecraft.network.PacketEncoder, NetworkManagerServer=class net.minecraft.network.NetworkManagerServer, NetworkManager=class net.minecraft.network.NetworkManager, HandshakeListener=class net.minecraft.server.network.HandshakeListener, PacketListener=interface net.minecraft.network.PacketListener, CraftServer=null}
[00:48:52] [nioEventLoopGroup-2-3/INFO]: failed to get Minecraft server from Bukkit.getServer()
[00:48:52] [nioEventLoopGroup-2-3/INFO]: connecting to minecraft server at localhost/127.0.0.1:25565
[00:48:52] [nioEventLoopGroup-2-4/INFO]: connected to local minecraft server
[00:48:54] [Thread-7/INFO]: got new client: NewClient{connectAddr=[2602:fbaf:080c:0001:0000:0000:0000:00c2]:40935, peerAddr=[2001:19f0:6402:08f2:5400:05ff:fe0c:67c3]:42454, claimAddress=209.25.143.2:43786, claimToken=[64, 0, 88, 38, 2, -5, -81, 8, 12, 0, 1, 0, 0, 0, 0, 0, 0, 0, -62, -97, -25, 32, 1, 25, -16, 100, 2, 8, -14, 84, 0, 5, -1, -2, 12, 103, -61, -91, -42, 0, 0, 0, 0, -14, 50, 47, -103, -85, 10, 103, -66, 100, -10, 0, 0, 0, 0, 0, 15, -79, 67, 0, 0, 0, 0, 0, 61, -14, 82, 115, -103, -85, 10, 0, 0, 0, 0, 44, 0, 0, 0, 0, 0, 0, 0, 1, 0, 2, -115, -19, -9, 81, 99, -35, -77, -103, 37, -3, -63, 79, -22, -108, -64, 9], tunnelServerId=1, dataCenterId=44}
[00:48:54] [Thread-7/INFO]: starting tcp tunnel for client
[00:48:54] [Thread-7/INFO]: start connection to /209.25.143.2:43786 to claim client
[00:48:54] [nioEventLoopGroup-2-1/INFO]: connected to tunnel server, sending claim token
[00:48:54] [nioEventLoopGroup-2-1/INFO]: claim token sent
[00:48:54] [nioEventLoopGroup-2-1/INFO]: connection to tunnel server has been established
[00:48:54] [nioEventLoopGroup-2-1/INFO]: Reflect: ReflectionHelper{ServerConnection=class net.minecraft.server.network.ServerConnection, LegacyPingHandler=class net.minecraft.server.network.LegacyPingHandler, MinecraftServer=class net.minecraft.server.MinecraftServer, PacketSplitter=class net.minecraft.network.PacketSplitter, PacketDecoder=class net.minecraft.network.PacketDecoder, EnumProtocolDirection=class net.minecraft.network.protocol.EnumProtocolDirection, PacketPrepender=class net.minecraft.network.PacketPrepender, PacketEncoder=class net.minecraft.network.PacketEncoder, NetworkManagerServer=class net.minecraft.network.NetworkManagerServer, NetworkManager=class net.minecraft.network.NetworkManager, HandshakeListener=class net.minecraft.server.network.HandshakeListener, PacketListener=interface net.minecraft.network.PacketListener, CraftServer=null}
[00:48:54] [nioEventLoopGroup-2-1/INFO]: failed to get Minecraft server from Bukkit.getServer()
[00:48:54] [nioEventLoopGroup-2-1/INFO]: connecting to minecraft server at localhost/127.0.0.1:25565
[00:48:54] [nioEventLoopGroup-2-2/INFO]: connected to local minecraft server
[00:50:43] [Thread-7/INFO]: send keep alive
[00:54:44] [Thread-7/INFO]: send keep alive
